[debug] [2019-11-12T22:51:50.039Z] ----------------------------------------------------------------------
[debug] [2019-11-12T22:51:50.041Z] Command:       /usr/local/bin/node /usr/local/bin/firebase init
[debug] [2019-11-12T22:51:50.041Z] CLI Version:   7.4.0
[debug] [2019-11-12T22:51:50.041Z] Platform:      darwin
[debug] [2019-11-12T22:51:50.041Z] Node Version:  v10.16.3
[debug] [2019-11-12T22:51:50.042Z] Time:          Tue Nov 12 2019 16:51:50 GMT-0600 (Central Standard Time)
[debug] [2019-11-12T22:51:50.042Z] ----------------------------------------------------------------------
[debug] 
[debug] [2019-11-12T22:51:50.049Z] > command requires scopes: ["email","openid","https://www.googleapis.com/auth/cloudplatformprojects.readonly","https://www.googleapis.com/auth/firebase","https://www.googleapis.com/auth/cloud-platform"]
[debug] [2019-11-12T22:51:50.050Z] > authorizing via signed-in user
[info] 
     ######## #### ########  ######## ########     ###     ######  ########
     ##        ##  ##     ## ##       ##     ##  ##   ##  ##       ##
     ######    ##  ########  ######   ########  #########  ######  ######
     ##        ##  ##    ##  ##       ##     ## ##     ##       ## ##
     ##       #### ##     ## ######## ########  ##     ##  ######  ########

You're about to initialize a Firebase project in this directory:

  /Users/kedeng/Desktop/cs397/mentor_matching

Before we get started, keep in mind:

  * You are initializing in an existing Firebase project directory

[info] 
=== Project Setup
[info] 
[info] First, let's associate this project directory with a Firebase project.
[info] You can create multiple project aliases by running firebase use --add, 
[info] but for now we'll just set up a default project.
[info] 
[info] i  .firebaserc already has a default project, using mentor-matching-8e488.
[debug] [2019-11-12T22:51:51.226Z] >>> HTTP REQUEST GET https://firebase.googleapis.com/v1beta1/projects/mentor-matching-8e488  
 
[debug] [2019-11-12T22:51:51.623Z] <<< HTTP RESPONSE 403
[debug] [2019-11-12T22:51:51.624Z] <<< HTTP RESPONSE BODY
[debug] [2019-11-12T22:51:51.626Z] HTTP Error: 403, The caller does not have permission
[debug] [2019-11-12T22:51:51.733Z] FirebaseError: HTTP Error: 403, The caller does not have permission
    at module.exports (/usr/local/lib/node_modules/firebase-tools/lib/responseToError.js:38:12)
    at Request._callback (/usr/local/lib/node_modules/firebase-tools/lib/api.js:39:35)
    at Request.self.callback (/usr/local/lib/node_modules/firebase-tools/node_modules/request/request.js:185:22)
    at Request.emit (events.js:198:13)
    at Request.EventEmitter.emit (domain.js:448:20)
    at Request.<anonymous> (/usr/local/lib/node_modules/firebase-tools/node_modules/request/request.js:1161:10)
    at Request.emit (events.js:198:13)
    at Request.EventEmitter.emit (domain.js:448:20)
    at IncomingMessage.<anonymous> (/usr/local/lib/node_modules/firebase-tools/node_modules/request/request.js:1083:12)
    at Object.onceWrapper (events.js:286:20)
[error] 
[error] Error: Failed to get Firebase project mentor-matching-8e488. Please make sure the project exists and your account has permission to access it.
